2023/12/08 23:11:37 hands:
2023/12/08 23:11:37 {{23678 23678 0} 95}
2023/12/08 23:11:37 {{2479A 2479e 0} 157}
2023/12/08 23:11:37 {{2483T 2483a 0} 632}
2023/12/08 23:11:37 {{2584A 2584e 0} 775}
2023/12/08 23:11:37 {{26KQT 26dca 0} 380}
2023/12/08 23:11:37 {{27T98 27a98 0} 25}
2023/12/08 23:11:37 {{27A85 27e85 0} 160}
2023/12/08 23:11:37 {{284QK 284cd 0} 511}
2023/12/08 23:11:37 {{2897K 2897d 0} 617}
2023/12/08 23:11:37 {{28A4T 28e4a 0} 38}
2023/12/08 23:11:37 {{28AT7 28ea7 0} 307}
2023/12/08 23:11:37 {{29478 29478 0} 352}
2023/12/08 23:11:37 {{2957K 2957d 0} 959}
2023/12/08 23:11:37 {{2TQ84 2ac84 0} 494}
2023/12/08 23:11:37 {{2K3A7 2d3e7 0} 414}
2023/12/08 23:11:37 {{2K5A6 2d5e6 0} 97}
2023/12/08 23:11:37 {{2KT4Q 2da4c 0} 190}
2023/12/08 23:11:37 {{2A6KQ 2e6dc 0} 203}
2023/12/08 23:11:37 {{32958 32958 0} 93}
2023/12/08 23:11:37 {{35274 35274 0} 746}
2023/12/08 23:11:37 {{38K5A 38d5e 0} 662}
2023/12/08 23:11:37 {{395A4 395e4 0} 449}
2023/12/08 23:11:37 {{3Q7T2 3c7a2 0} 322}
2023/12/08 23:11:37 {{3QA86 3ce86 0} 210}
2023/12/08 23:11:37 {{3K924 3d924 0} 824}
2023/12/08 23:11:37 {{3AK98 3ed98 0} 626}
2023/12/08 23:11:37 {{438Q7 438c7 0} 774}
2023/12/08 23:11:37 {{4523Q 4523c 0} 676}
2023/12/08 23:11:37 {{46589 46589 0} 604}
2023/12/08 23:11:37 {{4758K 4758d 0} 54}
2023/12/08 23:11:37 {{4768T 4768a 0} 26}
2023/12/08 23:11:37 {{48A72 48e72 0} 65}
2023/12/08 23:11:37 {{4T29Q 4a29c 0} 605}
2023/12/08 23:11:37 {{4T927 4a927 0} 7}
2023/12/08 23:11:37 {{4TA83 4ae83 0} 817}
2023/12/08 23:11:37 {{4K295 4d295 0} 242}
2023/12/08 23:11:37 {{4K692 4d692 0} 512}
2023/12/08 23:11:37 {{4A5T8 4e5a8 0} 288}
2023/12/08 23:11:37 {{4AK52 4ed52 0} 521}
2023/12/08 23:11:37 {{54Q3T 54c3a 0} 514}
2023/12/08 23:11:37 {{56K2Q 56d2c 0} 846}
2023/12/08 23:11:37 {{58324 58324 0} 934}
2023/12/08 23:11:37 {{598K2 598d2 0} 298}
2023/12/08 23:11:37 {{59T6A 59a6e 0} 11}
2023/12/08 23:11:37 {{5T847 5a847 0} 241}
2023/12/08 23:11:37 {{5Q28K 5c28d 0} 391}
2023/12/08 23:11:37 {{5Q42T 5c42a 0} 847}
2023/12/08 23:11:37 {{5A36Q 5e36c 0} 326}
2023/12/08 23:11:37 {{63294 63294 0} 404}
2023/12/08 23:11:37 {{6357A 6357e 0} 173}
2023/12/08 23:11:37 {{643T9 643a9 0} 438}
2023/12/08 23:11:37 {{65T3K 65a3d 0} 766}
2023/12/08 23:11:37 {{65T83 65a83 0} 112}
2023/12/08 23:11:37 {{65T97 65a97 0} 910}
2023/12/08 23:11:37 {{6738T 6738a 0} 263}
2023/12/08 23:11:37 {{689TA 689ae 0} 463}
2023/12/08 23:11:37 {{689A7 689e7 0} 440}
2023/12/08 23:11:37 {{69874 69874 0} 196}
2023/12/08 23:11:37 {{6Q32A 6c32e 0} 365}
2023/12/08 23:11:37 {{6Q84A 6c84e 0} 252}
2023/12/08 23:11:37 {{6K258 6d258 0} 218}
2023/12/08 23:11:37 {{6A745 6e745 0} 890}
2023/12/08 23:11:37 {{6AT32 6ea32 0} 559}
2023/12/08 23:11:37 {{72KA5 72de5 0} 107}
2023/12/08 23:11:37 {{734QT 734ca 0} 278}
2023/12/08 23:11:37 {{739AK 739ed 0} 852}
2023/12/08 23:11:37 {{746T3 746a3 0} 589}
2023/12/08 23:11:37 {{7536T 7536a 0} 205}
2023/12/08 23:11:37 {{75T46 75a46 0} 283}
2023/12/08 23:11:37 {{75Q38 75c38 0} 714}
2023/12/08 23:11:37 {{784A5 784e5 0} 940}
2023/12/08 23:11:37 {{7T34A 7a34e 0} 830}
2023/12/08 23:11:37 {{7T5K8 7a5d8 0} 395}
2023/12/08 23:11:37 {{7Q95A 7c95e 0} 346}
2023/12/08 23:11:37 {{7K28Q 7d28c 0} 186}
2023/12/08 23:11:37 {{7K364 7d364 0} 524}
2023/12/08 23:11:37 {{7AQ9T 7ec9a 0} 70}
2023/12/08 23:11:37 {{85Q6K 85c6d 0} 431}
2023/12/08 23:11:37 {{86K2T 86d2a 0} 174}
2023/12/08 23:11:37 {{8736K 8736d 0} 690}
2023/12/08 23:11:37 {{87QAT 87cea 0} 347}
2023/12/08 23:11:37 {{89QA5 89ce5 0} 243}
2023/12/08 23:11:37 {{8T649 8a649 0} 633}
2023/12/08 23:11:37 {{8A429 8e429 0} 630}
2023/12/08 23:11:37 {{8A75K 8e75d 0} 962}
2023/12/08 23:11:37 {{8A95K 8e95d 0} 991}
2023/12/08 23:11:37 {{8AT3Q 8ea3c 0} 237}
2023/12/08 23:11:37 {{92578 92578 0} 194}
2023/12/08 23:11:37 {{927K3 927d3 0} 379}
2023/12/08 23:11:37 {{92T84 92a84 0} 158}
2023/12/08 23:11:37 {{96842 96842 0} 741}
2023/12/08 23:11:37 {{987TA 987ae 0} 637}
2023/12/08 23:11:37 {{98TQK 98acd 0} 530}
2023/12/08 23:11:37 {{T239K a239d 0} 822}
2023/12/08 23:11:37 {{T4Q23 a4c23 0} 369}
2023/12/08 23:11:37 {{T6534 a6534 0} 1000}
2023/12/08 23:11:37 {{T7Q82 a7c82 0} 76}
2023/12/08 23:11:37 {{T8Q43 a8c43 0} 924}
2023/12/08 23:11:37 {{T932Q a932c 0} 960}
2023/12/08 23:11:37 {{TQ4K8 ac4d8 0} 105}
2023/12/08 23:11:37 {{TK986 ad986 0} 264}
2023/12/08 23:11:37 {{TA4Q3 ae4c3 0} 723}
2023/12/08 23:11:37 {{TA98Q ae98c 0} 103}
2023/12/08 23:11:37 {{TAK24 aed24 0} 664}
2023/12/08 23:11:37 {{Q2645 c2645 0} 547}
2023/12/08 23:11:37 {{Q35T2 c35a2 0} 412}
2023/12/08 23:11:37 {{Q3K56 c3d56 0} 20}
2023/12/08 23:11:37 {{Q427T c427a 0} 442}
2023/12/08 23:11:37 {{Q4796 c4796 0} 593}
2023/12/08 23:11:37 {{Q4AT5 c4ea5 0} 456}
2023/12/08 23:11:37 {{Q6529 c6529 0} 233}
2023/12/08 23:11:37 {{Q7983 c7983 0} 295}
2023/12/08 23:11:37 {{QT857 ca857 0} 918}
2023/12/08 23:11:37 {{QA7K9 ce7d9 0} 484}
2023/12/08 23:11:37 {{QAKT2 ceda2 0} 728}
2023/12/08 23:11:37 {{K36T7 d36a7 0} 784}
2023/12/08 23:11:37 {{K3978 d3978 0} 581}
2023/12/08 23:11:37 {{K3Q9A d3c9e 0} 348}
2023/12/08 23:11:37 {{K46TA d46ae 0} 853}
2023/12/08 23:11:37 {{K4T35 d4a35 0} 726}
2023/12/08 23:11:37 {{K638T d638a 0} 425}
2023/12/08 23:11:37 {{K63T4 d63a4 0} 535}
2023/12/08 23:11:37 {{K67T4 d67a4 0} 909}
2023/12/08 23:11:37 {{K963A d963e 0} 63}
2023/12/08 23:11:37 {{KQ538 dc538 0} 650}
2023/12/08 23:11:37 {{A2QK9 e2cd9 0} 880}
2023/12/08 23:11:37 {{A342T e342a 0} 121}
2023/12/08 23:11:37 {{A6Q39 e6c39 0} 958}
2023/12/08 23:11:37 {{A78T6 e78a6 0} 75}
2023/12/08 23:11:37 {{A9T24 e9a24 0} 818}
2023/12/08 23:11:37 {{AT574 ea574 0} 208}
2023/12/08 23:11:37 {{AQ248 ec248 0} 570}
2023/12/08 23:11:37 {{J26A9 126e9 1} 881}
2023/12/08 23:11:37 {{J2TAK 12aed 1} 758}
2023/12/08 23:11:37 {{J2Q36 12c36 1} 887}
2023/12/08 23:11:37 {{J356K 1356d 1} 83}
2023/12/08 23:11:37 {{J36Q5 136c5 1} 370}
2023/12/08 23:11:37 {{J472A 1472e 1} 898}
2023/12/08 23:11:37 {{J4Q53 14c53 1} 36}
2023/12/08 23:11:37 {{J6AT9 16ea9 1} 415}
2023/12/08 23:11:37 {{J72Q3 172c3 1} 445}
2023/12/08 23:11:37 {{J7648 17648 1} 363}
2023/12/08 23:11:37 {{J765K 1765d 1} 831}
2023/12/08 23:11:37 {{J7Q29 17c29 1} 949}
2023/12/08 23:11:37 {{J8K26 18d26 1} 373}
2023/12/08 23:11:37 {{JT6A5 1a6e5 1} 696}
2023/12/08 23:11:37 {{JTK78 1ad78 1} 122}
2023/12/08 23:11:37 {{JQA8T 1ce8a 1} 569}
2023/12/08 23:11:37 {{JK796 1d796 1} 451}
2023/12/08 23:11:37 {{2JAK9 21ed9 1} 245}
2023/12/08 23:11:37 {{223T8 223a8 1} 587}
2023/12/08 23:11:37 {{24595 24595 1} 894}
2023/12/08 23:11:37 {{253J4 25314 1} 436}
2023/12/08 23:11:37 {{254T4 254a4 1} 672}
2023/12/08 23:11:37 {{25K28 25d28 1} 125}
2023/12/08 23:11:37 {{26965 26965 1} 201}
2023/12/08 23:11:37 {{27KJ5 27d15 1} 946}
2023/12/08 23:11:37 {{28J69 28169 1} 549}
2023/12/08 23:11:37 {{283QJ 283c1 1} 136}
2023/12/08 23:11:37 {{298JQ 2981c 1} 1}
2023/12/08 23:11:37 {{2T474 2a474 1} 101}
2023/12/08 23:11:37 {{2TA3A 2ae3e 1} 305}
2023/12/08 23:11:37 {{2K7AJ 2d7e1 1} 170}
2023/12/08 23:11:37 {{2AK3A 2ed3e 1} 778}
2023/12/08 23:11:37 {{3J47K 3147d 1} 189}
2023/12/08 23:11:37 {{3JQ96 31c96 1} 447}
2023/12/08 23:11:37 {{32A73 32e73 1} 851}
2023/12/08 23:11:37 {{34JTQ 341ac 1} 635}
2023/12/08 23:11:37 {{34QQ5 34cc5 1} 661}
2023/12/08 23:11:37 {{35T9T 35a9a 1} 433}
2023/12/08 23:11:37 {{37893 37893 1} 870}
2023/12/08 23:11:37 {{37988 37988 1} 503}
2023/12/08 23:11:37 {{3799K 3799d 1} 110}
2023/12/08 23:11:37 {{3T6J4 3a614 1} 875}
2023/12/08 23:11:37 {{3T65T 3a65a 1} 146}
2023/12/08 23:11:37 {{3TTKA 3aade 1} 111}
2023/12/08 23:11:37 {{3Q34T 3c34a 1} 943}
2023/12/08 23:11:37 {{3QA23 3ce23 1} 627}
2023/12/08 23:11:37 {{3KT35 3da35 1} 198}
2023/12/08 23:11:37 {{3A236 3e236 1} 257}
2023/12/08 23:11:37 {{3A6QQ 3e6cc 1} 869}
2023/12/08 23:11:37 {{42347 42347 1} 68}
2023/12/08 23:11:37 {{43557 43557 1} 474}
2023/12/08 23:11:37 {{43T6T 43a6a 1} 57}
2023/12/08 23:11:37 {{45JT8 451a8 1} 460}
2023/12/08 23:11:37 {{454AK 454ed 1} 956}
2023/12/08 23:11:37 {{45625 45625 1} 995}
2023/12/08 23:11:37 {{465KK 465dd 1} 692}
2023/12/08 23:11:37 {{47K22 47d22 1} 609}
2023/12/08 23:11:37 {{484A2 484e2 1} 800}
2023/12/08 23:11:37 {{49TJ6 49a16 1} 108}
2023/12/08 23:11:37 {{4TA74 4ae74 1} 539}
2023/12/08 23:11:37 {{4Q282 4c282 1} 236}
2023/12/08 23:11:37 {{4QT5J 4ca51 1} 381}
2023/12/08 23:11:37 {{4K354 4d354 1} 171}
2023/12/08 23:11:37 {{4K564 4d564 1} 12}
2023/12/08 23:11:37 {{4K6T4 4d6a4 1} 651}
2023/12/08 23:11:37 {{4KA7J 4de71 1} 367}
2023/12/08 23:11:37 {{4AK3J 4ed31 1} 849}
2023/12/08 23:11:37 {{4AAQ8 4eec8 1} 944}
2023/12/08 23:11:37 {{528QJ 528c1 1} 260}
2023/12/08 23:11:37 {{52A66 52e66 1} 249}
2023/12/08 23:11:37 {{53589 53589 1} 657}
2023/12/08 23:11:37 {{539T5 539a5 1} 548}
2023/12/08 23:11:37 {{54J3K 5413d 1} 729}
2023/12/08 23:11:37 {{54356 54356 1} 648}
2023/12/08 23:11:37 {{5484T 5484a 1} 396}
2023/12/08 23:11:37 {{5549Q 5549c 1} 759}
2023/12/08 23:11:37 {{557T8 557a8 1} 14}
2023/12/08 23:11:37 {{56Q76 56c76 1} 594}
2023/12/08 23:11:37 {{57K47 57d47 1} 206}
2023/12/08 23:11:37 {{58TQ5 58ac5 1} 64}
2023/12/08 23:11:37 {{5TK8T 5ad8a 1} 863}
2023/12/08 23:11:37 {{5QQ7K 5cc7d 1} 448}
2023/12/08 23:11:37 {{6J4QT 614ca 1} 737}
2023/12/08 23:11:37 {{62334 62334 1} 803}
2023/12/08 23:11:37 {{6296K 6296d 1} 897}
2023/12/08 23:11:37 {{63779 63779 1} 950}
2023/12/08 23:11:37 {{63K26 63d26 1} 797}
2023/12/08 23:11:37 {{63K7K 63d7d 1} 655}
2023/12/08 23:11:37 {{64J92 64192 1} 30}
2023/12/08 23:11:37 {{642T4 642a4 1} 599}
2023/12/08 23:11:37 {{67JA9 671e9 1} 420}
2023/12/08 23:11:37 {{6993T 6993a 1} 24}
2023/12/08 23:11:37 {{69AKA 69ede 1} 392}
2023/12/08 23:11:37 {{6Q5KQ 6c5dc 1} 829}
2023/12/08 23:11:37 {{7JTQ2 71ac2 1} 713}
2023/12/08 23:11:37 {{72JTA 721ae 1} 752}
2023/12/08 23:11:37 {{727K8 727d8 1} 3}
2023/12/08 23:11:37 {{74462 74462 1} 301}
2023/12/08 23:11:37 {{74922 74922 1} 526}
2023/12/08 23:11:37 {{74QJ6 74c16 1} 187}
2023/12/08 23:11:37 {{75K53 75d53 1} 932}
2023/12/08 23:11:37 {{76JK2 761d2 1} 874}
2023/12/08 23:11:37 {{76645 76645 1} 895}
2023/12/08 23:11:37 {{76T8T 76a8a 1} 841}
2023/12/08 23:11:37 {{7858Q 7858c 1} 984}
2023/12/08 23:11:37 {{796K9 796d9 1} 321}
2023/12/08 23:11:37 {{7Q4QT 7c4ca 1} 191}
2023/12/08 23:11:37 {{7Q5TT 7c5aa 1} 848}
2023/12/08 23:11:37 {{7QTKJ 7cad1 1} 769}
2023/12/08 23:11:37 {{7KQ79 7dc79 1} 437}
2023/12/08 23:11:37 {{7A837 7e837 1} 16}
2023/12/08 23:11:37 {{7AQJ8 7ec18 1} 790}
2023/12/08 23:11:37 {{82J6T 8216a 1} 625}
2023/12/08 23:11:37 {{82432 82432 1} 60}
2023/12/08 23:11:37 {{82636 82636 1} 273}
2023/12/08 23:11:37 {{82KJ5 82d15 1} 727}
2023/12/08 23:11:37 {{82K23 82d23 1} 543}
2023/12/08 23:11:37 {{844K9 844d9 1} 908}
2023/12/08 23:11:37 {{8499T 8499a 1} 789}
2023/12/08 23:11:37 {{84A9J 84e91 1} 408}
2023/12/08 23:11:37 {{85563 85563 1} 799}
2023/12/08 23:11:37 {{87JK6 871d6 1} 77}
2023/12/08 23:11:37 {{88247 88247 1} 162}
2023/12/08 23:11:37 {{8T656 8a656 1} 833}
2023/12/08 23:11:37 {{8T84Q 8a84c 1} 701}
2023/12/08 23:11:37 {{8Q5J4 8c514 1} 29}
2023/12/08 23:11:37 {{8KA5A 8de5e 1} 491}
2023/12/08 23:11:37 {{92JA7 921e7 1} 361}
2023/12/08 23:11:37 {{92462 92462 1} 62}
2023/12/08 23:11:37 {{9392Q 9392c 1} 735}
2023/12/08 23:11:37 {{94692 94692 1} 964}
2023/12/08 23:11:37 {{952TJ 952a1 1} 366}
2023/12/08 23:11:37 {{954A5 954e5 1} 306}
2023/12/08 23:11:37 {{95733 95733 1} 832}
2023/12/08 23:11:37 {{96K2K 96d2d 1} 955}
2023/12/08 23:11:37 {{9866K 9866d 1} 907}
2023/12/08 23:11:37 {{9T4JQ 9a41c 1} 250}
2023/12/08 23:11:37 {{9T97A 9a97e 1} 9}
2023/12/08 23:11:37 {{9Q9K8 9c9d8 1} 533}
2023/12/08 23:11:37 {{9A772 9e772 1} 292}
2023/12/08 23:11:37 {{TJ357 a1357 1} 948}
2023/12/08 23:11:37 {{T2T4Q a2a4c 1} 600}
2023/12/08 23:11:37 {{T3J62 a3162 1} 42}
2023/12/08 23:11:37 {{T48JQ a481c 1} 917}
2023/12/08 23:11:37 {{T4A6A a4e6e 1} 989}
2023/12/08 23:11:37 {{T56J3 a5613 1} 572}
2023/12/08 23:11:37 {{T6282 a6282 1} 815}
2023/12/08 23:11:37 {{T637J a6371 1} 873}
2023/12/08 23:11:37 {{T6QT3 a6ca3 1} 931}
2023/12/08 23:11:37 {{T6K65 a6d65 1} 554}
2023/12/08 23:11:37 {{T76JQ a761c 1} 505}
2023/12/08 23:11:37 {{T7768 a7768 1} 816}
2023/12/08 23:11:37 {{T7KJ9 a7d19 1} 89}
2023/12/08 23:11:37 {{TTQ4K aac4d 1} 393}
2023/12/08 23:11:37 {{TQ2JA ac21e 1} 941}
2023/12/08 23:11:37 {{TQ696 ac696 1} 674}
2023/12/08 23:11:37 {{TQ7T4 ac7a4 1} 653}
2023/12/08 23:11:37 {{TQ95J ac951 1} 465}
2023/12/08 23:11:37 {{TK2KQ ad2dc 1} 935}
2023/12/08 23:11:37 {{TK3QK ad3cd 1} 482}
2023/12/08 23:11:37 {{TKKQ6 addc6 1} 845}
2023/12/08 23:11:37 {{TA6J2 ae612 1} 694}
2023/12/08 23:11:37 {{TAK3A aed3e 1} 750}
2023/12/08 23:11:37 {{QJ475 c1475 1} 702}
2023/12/08 23:11:37 {{QJ9A3 c19e3 1} 523}
2023/12/08 23:11:37 {{Q3AAT c3eea 1} 669}
2023/12/08 23:11:37 {{Q4663 c4663 1} 275}
2023/12/08 23:11:37 {{Q53QA c53ce 1} 495}
2023/12/08 23:11:37 {{Q57J8 c5718 1} 634}
2023/12/08 23:11:37 {{Q5KK2 c5dd2 1} 10}
2023/12/08 23:11:37 {{Q664K c664d 1} 452}
2023/12/08 23:11:37 {{Q8KTK c8dad 1} 709}
2023/12/08 23:11:37 {{QT656 ca656 1} 466}
2023/12/08 23:11:37 {{QT73T ca73a 1} 839}
2023/12/08 23:11:37 {{QQA98 cce98 1} 266}
2023/12/08 23:11:37 {{QK2K4 cd2d4 1} 792}
2023/12/08 23:11:37 {{QK5QA cd5ce 1} 164}
2023/12/08 23:11:37 {{QA73J ce731 1} 693}
2023/12/08 23:11:37 {{QAQ8T cec8a 1} 207}
2023/12/08 23:11:37 {{KJ574 d1574 1} 591}
2023/12/08 23:11:37 {{KJT46 d1a46 1} 967}
2023/12/08 23:11:37 {{K283J d2831 1} 558}
2023/12/08 23:11:37 {{K54KT d54da 1} 254}
2023/12/08 23:11:37 {{K78JA d781e 1} 296}
2023/12/08 23:11:37 {{K79J5 d7915 1} 584}
2023/12/08 23:11:37 {{K8JQT d81ca 1} 578}
2023/12/08 23:11:37 {{K8747 d8747 1} 658}
2023/12/08 23:11:37 {{KK495 dd495 1} 493}
2023/12/08 23:11:37 {{KK592 dd592 1} 49}
2023/12/08 23:11:37 {{AJ746 e1746 1} 575}
2023/12/08 23:11:37 {{A3356 e3356 1} 126}
2023/12/08 23:11:37 {{A362J e3621 1} 228}
2023/12/08 23:11:37 {{A7339 e7339 1} 618}
2023/12/08 23:11:37 {{A7678 e7678 1} 538}
2023/12/08 23:11:37 {{A8599 e8599 1} 219}
2023/12/08 23:11:37 {{A8867 e8867 1} 479}
2023/12/08 23:11:37 {{A8TT7 e8aa7 1} 132}
2023/12/08 23:11:37 {{A92J5 e9215 1} 751}
2023/12/08 23:11:37 {{AT2T5 ea2a5 1} 94}
2023/12/08 23:11:37 {{AA293 ee293 1} 844}
2023/12/08 23:11:37 {{AA5T9 ee5a9 1} 805}
2023/12/08 23:11:37 {{AAK9T eed9a 1} 796}
2023/12/08 23:11:37 {{22336 22336 2} 899}
2023/12/08 23:11:37 {{22599 22599 2} 265}
2023/12/08 23:11:37 {{22Q3Q 22c3c 2} 457}
2023/12/08 23:11:37 {{233QQ 233cc 2} 435}
2023/12/08 23:11:37 {{252K5 252d5 2} 293}
2023/12/08 23:11:37 {{2552T 2552a 2} 471}
2023/12/08 23:11:37 {{27672 27672 2} 677}
2023/12/08 23:11:37 {{299TT 299aa 2} 212}
2023/12/08 23:11:37 {{2TT52 2aa52 2} 113}
2023/12/08 23:11:37 {{2TQQT 2acca 2} 573}
2023/12/08 23:11:37 {{33882 33882 2} 582}
2023/12/08 23:11:37 {{33995 33995 2} 945}
2023/12/08 23:11:37 {{33K44 33d44 2} 324}
2023/12/08 23:11:37 {{33KQK 33dcd 2} 809}
2023/12/08 23:11:37 {{36536 36536 2} 835}
2023/12/08 23:11:37 {{39Q93 39c93 2} 834}
2023/12/08 23:11:37 {{3TT83 3aa83 2} 429}
2023/12/08 23:11:37 {{3K23K 3d23d 2} 483}
2023/12/08 23:11:37 {{3A3A5 3e3e5 2} 481}
2023/12/08 23:11:37 {{42433 42433 2} 246}
2023/12/08 23:11:37 {{43T43 43a43 2} 475}
2023/12/08 23:11:37 {{43AA3 43ee3 2} 33}
2023/12/08 23:11:37 {{44669 44669 2} 489}
2023/12/08 23:11:37 {{45495 45495 2} 675}
2023/12/08 23:11:37 {{46TT6 46aa6 2} 801}
2023/12/08 23:11:37 {{47373 47373 2} 743}
2023/12/08 23:11:37 {{48248 48248 2} 477}
2023/12/08 23:11:37 {{48422 48422 2} 673}
2023/12/08 23:11:37 {{48478 48478 2} 517}
2023/12/08 23:11:37 {{4TT49 4aa49 2} 79}
2023/12/08 23:11:37 {{4K2K2 4d2d2 2} 432}
2023/12/08 23:11:37 {{53322 53322 2} 405}
2023/12/08 23:11:37 {{54353 54353 2} 410}
2023/12/08 23:11:37 {{5454T 5454a 2} 724}
2023/12/08 23:11:37 {{54584 54584 2} 583}
2023/12/08 23:11:37 {{55T77 55a77 2} 566}
2023/12/08 23:11:37 {{5757Q 5757c 2} 638}
2023/12/08 23:11:37 {{58568 58568 2} 516}
2023/12/08 23:11:37 {{58825 58825 2} 858}
2023/12/08 23:11:37 {{59522 59522 2} 695}
2023/12/08 23:11:37 {{5TQTQ 5acac 2} 239}
2023/12/08 23:11:37 {{5QK5Q 5cd5c 2} 142}
2023/12/08 23:11:37 {{63262 63262 2} 738}
2023/12/08 23:11:37 {{63A6A 63e6e 2} 330}
2023/12/08 23:11:37 {{64436 64436 2} 197}
2023/12/08 23:11:37 {{65K6K 65d6d 2} 681}
2023/12/08 23:11:37 {{66778 66778 2} 80}
2023/12/08 23:11:37 {{668TT 668aa 2} 386}
2023/12/08 23:11:37 {{6767A 6767e 2} 929}
2023/12/08 23:11:37 {{68226 68226 2} 231}
2023/12/08 23:11:37 {{69269 69269 2} 791}
2023/12/08 23:11:37 {{6TTAA 6aaee 2} 636}
2023/12/08 23:11:37 {{6Q644 6c644 2} 868}
2023/12/08 23:11:37 {{6QQKK 6ccdd 2} 961}
2023/12/08 23:11:37 {{6KK99 6dd99 2} 532}
2023/12/08 23:11:37 {{6AA26 6ee26 2} 267}
2023/12/08 23:11:37 {{72327 72327 2} 216}
2023/12/08 23:11:37 {{72474 72474 2} 211}
2023/12/08 23:11:37 {{73T73 73a73 2} 375}
2023/12/08 23:11:37 {{74478 74478 2} 73}
2023/12/08 23:11:37 {{75QQ5 75cc5 2} 507}
2023/12/08 23:11:37 {{76464 76464 2} 368}
2023/12/08 23:11:37 {{77644 77644 2} 993}
2023/12/08 23:11:37 {{77TTA 77aae 2} 175}
2023/12/08 23:11:37 {{77QAA 77cee 2} 99}
2023/12/08 23:11:37 {{79229 79229 2} 586}
2023/12/08 23:11:37 {{7TQQ7 7acc7 2} 385}
2023/12/08 23:11:37 {{7KK66 7dd66 2} 550}
2023/12/08 23:11:37 {{83855 83855 2} 688}
2023/12/08 23:11:37 {{85533 85533 2} 725}
2023/12/08 23:11:37 {{88Q33 88c33 2} 32}
2023/12/08 23:11:37 {{88Q44 88c44 2} 857}
2023/12/08 23:11:37 {{88QQK 88ccd 2} 59}
2023/12/08 23:11:37 {{88A9A 88e9e 2} 96}
2023/12/08 23:11:37 {{8989A 8989e 2} 649}
2023/12/08 23:11:37 {{899KK 899dd 2} 341}
2023/12/08 23:11:37 {{8QQ48 8cc48 2} 615}
2023/12/08 23:11:37 {{8KK33 8dd33 2} 628}
2023/12/08 23:11:37 {{95353 95353 2} 486}
2023/12/08 23:11:37 {{96964 96964 2} 614}
2023/12/08 23:11:37 {{96T69 96a69 2} 351}
2023/12/08 23:11:37 {{97557 97557 2} 398}
2023/12/08 23:11:37 {{97K7K 97d7d 2} 342}
2023/12/08 23:11:37 {{98494 98494 2} 994}
2023/12/08 23:11:37 {{992T2 992a2 2} 159}
2023/12/08 23:11:37 {{99T4T 99a4a 2} 139}
2023/12/08 23:11:37 {{99A33 99e33 2} 990}
2023/12/08 23:11:37 {{9Q494 9c494 2} 706}
2023/12/08 23:11:37 {{9A2A2 9e2e2 2} 740}
2023/12/08 23:11:37 {{T3T99 a3a99 2} 968}
2023/12/08 23:11:37 {{T722T a722a 2} 262}
2023/12/08 23:11:37 {{T7QQT a7cca 2} 541}
2023/12/08 23:11:37 {{TT334 aa334 2} 163}
2023/12/08 23:11:37 {{TT44A aa44e 2} 598}
2023/12/08 23:11:37 {{TT5KK aa5dd 2} 161}
2023/12/08 23:11:37 {{TT877 aa877 2} 69}
2023/12/08 23:11:37 {{TKT7K ada7d 2} 577}
2023/12/08 23:11:37 {{Q449Q c449c 2} 680}
2023/12/08 23:11:37 {{Q59Q5 c59c5 2} 492}
2023/12/08 23:11:37 {{Q5Q58 c5c58 2} 376}
2023/12/08 23:11:37 {{Q7667 c7667 2} 487}
2023/12/08 23:11:37 {{Q7788 c7788 2} 185}
2023/12/08 23:11:37 {{Q77AQ c77ec 2} 878}
2023/12/08 23:11:37 {{Q79Q7 c79c7 2} 165}
2023/12/08 23:11:37 {{Q97Q9 c97c9 2} 287}
2023/12/08 23:11:37 {{Q9Q93 c9c93 2} 274}
2023/12/08 23:11:37 {{QT6Q6 ca6c6 2} 439}
2023/12/08 23:11:37 {{QTTQK caacd 2} 749}
2023/12/08 23:11:37 {{QQA44 cce44 2} 553}
2023/12/08 23:11:37 {{QKQAA cdcee 2} 154}
2023/12/08 23:11:37 {{QAAQ9 ceec9 2} 423}
2023/12/08 23:11:37 {{K26K2 d26d2 2} 528}
2023/12/08 23:11:37 {{K322K d322d 2} 807}
2023/12/08 23:11:37 {{K3663 d3663 2} 574}
2023/12/08 23:11:37 {{K3K35 d3d35 2} 344}
2023/12/08 23:11:37 {{K8668 d8668 2} 349}
2023/12/08 23:11:37 {{KT8K8 da8d8 2} 232}
2023/12/08 23:11:37 {{KKTT8 ddaa8 2} 629}
2023/12/08 23:11:37 {{KATTK deaad 2} 838}
2023/12/08 23:11:37 {{A282A e282e 2} 896}
2023/12/08 23:11:37 {{A2KKA e2dde 2} 167}
2023/12/08 23:11:37 {{A322A e322e 2} 470}
2023/12/08 23:11:37 {{A3636 e3636 2} 238}
2023/12/08 23:11:37 {{A377A e377e 2} 256}
2023/12/08 23:11:37 {{A3QQ3 e3cc3 2} 272}
2023/12/08 23:11:37 {{A4422 e4422 2} 67}
2023/12/08 23:11:37 {{A5A22 e5e22 2} 540}
2023/12/08 23:11:37 {{A5A54 e5e54 2} 979}
2023/12/08 23:11:37 {{A5A57 e5e57 2} 359}
2023/12/08 23:11:37 {{A7A88 e7e88 2} 534}
2023/12/08 23:11:37 {{A99A3 e99e3 2} 485}
2023/12/08 23:11:37 {{AK6A6 ed6e6 2} 422}
2023/12/08 23:11:37 {{AKK8A edd8e 2} 571}
2023/12/08 23:11:37 {{AKAK4 eded4 2} 400}
2023/12/08 23:11:37 {{AA566 ee566 2} 418}
2023/12/08 23:11:37 {{AA5Q5 ee5c5 2} 756}
2023/12/08 23:11:37 {{AAK5K eed5d 2} 192}
2023/12/08 23:11:37 {{J297J 12971 3} 652}
2023/12/08 23:11:37 {{J322A 1322e 3} 592}
2023/12/08 23:11:37 {{J4988 14988 3} 682}
2023/12/08 23:11:37 {{J4Q4T 14c4a 3} 683}
2023/12/08 23:11:37 {{J6J4A 1614e 3} 168}
2023/12/08 23:11:37 {{J696Q 1696c 3} 544}
2023/12/08 23:11:37 {{J6K88 16d88 3} 104}
2023/12/08 23:11:37 {{J7T6J 17a61 3} 765}
2023/12/08 23:11:37 {{J7TTQ 17aac 3} 819}
2023/12/08 23:11:37 {{J8T55 18a55 3} 802}
2023/12/08 23:11:37 {{J8Q89 18c89 3} 556}
2023/12/08 23:11:37 {{J9KTT 19daa 3} 836}
2023/12/08 23:11:37 {{JQ67J 1c671 3} 134}
2023/12/08 23:11:37 {{JQAA2 1cee2 3} 148}
2023/12/08 23:11:37 {{JK433 1d433 3} 488}
2023/12/08 23:11:37 {{JK664 1d664 3} 234}
2023/12/08 23:11:37 {{JKQ3Q 1dc3c 3} 151}
2023/12/08 23:11:37 {{JA446 1e446 3} 689}
2023/12/08 23:11:37 {{JA6TJ 1e6a1 3} 427}
2023/12/08 23:11:37 {{2J2TK 212ad 3} 18}
2023/12/08 23:11:37 {{2J5QQ 215cc 3} 92}
2023/12/08 23:11:37 {{2JKTK 21dad 3} 707}
2023/12/08 23:11:37 {{22JAQ 221ec 3} 350}
2023/12/08 23:11:37 {{2227Q 2227c 3} 565}
2023/12/08 23:11:37 {{222K3 222d3 3} 334}
2023/12/08 23:11:37 {{223J9 22319 3} 745}
2023/12/08 23:11:37 {{22752 22752 3} 612}
2023/12/08 23:11:37 {{22927 22927 3} 311}
2023/12/08 23:11:37 {{2555T 2555a 3} 337}
2023/12/08 23:11:37 {{26676 26676 3} 947}
2023/12/08 23:11:37 {{26A2J 26e21 3} 313}
2023/12/08 23:11:37 {{27377 27377 3} 34}
2023/12/08 23:11:37 {{28J8A 2818e 3} 641}
2023/12/08 23:11:37 {{2824J 28241 3} 804}
2023/12/08 23:11:37 {{28883 28883 3} 53}
2023/12/08 23:11:37 {{29225 29225 3} 282}
2023/12/08 23:11:37 {{2T228 2a228 3} 413}
2023/12/08 23:11:37 {{2T4J4 2a414 3} 200}
2023/12/08 23:11:37 {{2Q228 2c228 3} 225}
2023/12/08 23:11:37 {{2Q9J9 2c919 3} 499}
2023/12/08 23:11:37 {{3J397 31397 3} 82}
2023/12/08 23:11:37 {{32229 32229 3} 640}
2023/12/08 23:11:37 {{3338K 3338d 3} 854}
2023/12/08 23:11:37 {{3483J 34831 3} 213}
2023/12/08 23:11:37 {{35T33 35a33 3} 856}
2023/12/08 23:11:37 {{36J22 36122 3} 782}
2023/12/08 23:11:37 {{366T6 366a6 3} 86}
2023/12/08 23:11:37 {{37J3K 3713d 3} 284}
2023/12/08 23:11:37 {{37J44 37144 3} 319}
2023/12/08 23:11:37 {{37877 37877 3} 922}
2023/12/08 23:11:37 {{3QJ3K 3c13d 3} 611}
2023/12/08 23:11:37 {{3KK8K 3dd8d 3} 297}
2023/12/08 23:11:37 {{3AQ3J 3ec31 3} 204}
2023/12/08 23:11:37 {{4JJ92 41192 3} 654}
2023/12/08 23:11:37 {{4JTT2 41aa2 3} 172}
2023/12/08 23:11:37 {{4JTT3 41aa3 3} 748}
2023/12/08 23:11:37 {{44JA3 441e3 3} 513}
2023/12/08 23:11:37 {{44463 44463 3} 811}
2023/12/08 23:11:37 {{444Q7 444c7 3} 47}
2023/12/08 23:11:37 {{44T4K 44a4d 3} 332}
2023/12/08 23:11:37 {{46J63 46163 3} 114}
2023/12/08 23:11:37 {{464K4 464d4 3} 876}
2023/12/08 23:11:37 {{47Q77 47c77 3} 814}
2023/12/08 23:11:37 {{48447 48447 3} 684}
2023/12/08 23:11:37 {{4T3J4 4a314 3} 441}
2023/12/08 23:11:37 {{4T888 4a888 3} 686}
2023/12/08 23:11:37 {{4TKJJ 4ad11 3} 671}
2023/12/08 23:11:37 {{4Q445 4c445 3} 867}
2023/12/08 23:11:37 {{4Q44K 4c44d 3} 450}
2023/12/08 23:11:37 {{4Q8QJ 4c8c1 3} 294}
2023/12/08 23:11:37 {{4QQTQ 4ccac 3} 52}
2023/12/08 23:11:37 {{4AA3J 4ee31 3} 428}
2023/12/08 23:11:37 {{5J265 51265 3} 780}
2023/12/08 23:11:37 {{5JTJ7 51a17 3} 798}
2023/12/08 23:11:37 {{53777 53777 3} 230}
2023/12/08 23:11:37 {{55568 55568 3} 580}
2023/12/08 23:11:37 {{55854 55854 3} 866}
2023/12/08 23:11:37 {{565J7 56517 3} 718}
2023/12/08 23:11:37 {{56T66 56a66 3} 72}
2023/12/08 23:11:37 {{56QQQ 56ccc 3} 357}
2023/12/08 23:11:37 {{58J35 58135 3} 178}
2023/12/08 23:11:37 {{58535 58535 3} 129}
2023/12/08 23:11:37 {{5T3TT 5a3aa 3} 793}
2023/12/08 23:11:37 {{5Q2QQ 5c2cc 3} 50}
2023/12/08 23:11:37 {{5AKKJ 5edd1 3} 905}
2023/12/08 23:11:37 {{6J26K 6126d 3} 81}
2023/12/08 23:11:37 {{63696 63696 3} 55}
2023/12/08 23:11:37 {{63K66 63d66 3} 328}
2023/12/08 23:11:37 {{64J34 64134 3} 202}
2023/12/08 23:11:37 {{66436 66436 3} 473}
2023/12/08 23:11:37 {{666K5 666d5 3} 795}
2023/12/08 23:11:37 {{66765 66765 3} 721}
2023/12/08 23:11:37 {{66967 66967 3} 314}
2023/12/08 23:11:37 {{68366 68366 3} 903}
2023/12/08 23:11:37 {{68KKJ 68dd1 3} 394}
2023/12/08 23:11:37 {{69656 69656 3} 140}
2023/12/08 23:11:37 {{6A686 6e686 3} 522}
2023/12/08 23:11:37 {{7J2QJ 712c1 3} 399}
2023/12/08 23:11:37 {{733TJ 733a1 3} 244}
2023/12/08 23:11:37 {{7778A 7778e 3} 997}
2023/12/08 23:11:37 {{777A3 777e3 3} 406}
2023/12/08 23:11:37 {{797J8 79718 3} 963}
2023/12/08 23:11:37 {{7QQQ5 7ccc5 3} 217}
2023/12/08 23:11:37 {{8J233 81233 3} 291}
2023/12/08 23:11:37 {{8J353 81353 3} 621}
2023/12/08 23:11:37 {{8JK8Q 81d8c 3} 545}
2023/12/08 23:11:37 {{83533 83533 3} 360}
2023/12/08 23:11:37 {{838K8 838d8 3} 515}
2023/12/08 23:11:37 {{84344 84344 3} 316}
2023/12/08 23:11:37 {{84449 84449 3} 920}
2023/12/08 23:11:37 {{85KKK 85ddd 3} 85}
2023/12/08 23:11:37 {{8626J 86261 3} 2}
2023/12/08 23:11:37 {{87QQQ 87ccc 3} 434}
2023/12/08 23:11:37 {{88583 88583 3} 691}
2023/12/08 23:11:37 {{88798 88798 3} 31}
2023/12/08 23:11:37 {{888T9 888a9 3} 119}
2023/12/08 23:11:37 {{88K84 88d84 3} 987}
2023/12/08 23:11:37 {{88AT8 88ea8 3} 353}
2023/12/08 23:11:37 {{89A99 89e99 3} 772}
2023/12/08 23:11:37 {{8T858 8a858 3} 43}
2023/12/08 23:11:37 {{8TT4T 8aa4a 3} 976}
2023/12/08 23:11:37 {{8TTT3 8aaa3 3} 384}
2023/12/08 23:11:37 {{8QJ3J 8c131 3} 928}
2023/12/08 23:11:37 {{8Q828 8c828 3} 525}
2023/12/08 23:11:37 {{9J2JT 9121a 3} 340}
2023/12/08 23:11:37 {{9J33A 9133e 3} 259}
2023/12/08 23:11:37 {{9J439 91439 3} 23}
2023/12/08 23:11:37 {{9J6A9 916e9 3} 46}
2023/12/08 23:11:37 {{93TTT 93aaa 3} 877}
2023/12/08 23:11:37 {{94996 94996 3} 289}
2023/12/08 23:11:37 {{95556 95556 3} 871}
2023/12/08 23:11:37 {{96939 96939 3} 461}
2023/12/08 23:11:37 {{97J95 97195 3} 221}
2023/12/08 23:11:37 {{99296 99296 3} 430}
2023/12/08 23:11:37 {{99894 99894 3} 576}
2023/12/08 23:11:37 {{999T4 999a4 3} 500}
2023/12/08 23:11:37 {{999K6 999d6 3} 183}
2023/12/08 23:11:37 {{99QK9 99cd9 3} 506}
2023/12/08 23:11:37 {{99K98 99d98 3} 444}
2023/12/08 23:11:37 {{99KT9 99da9 3} 639}
2023/12/08 23:11:37 {{9T992 9a992 3} 773}
2023/12/08 23:11:37 {{9T9A9 9a9e9 3} 137}
2023/12/08 23:11:37 {{9K995 9d995 3} 595}
2023/12/08 23:11:37 {{9AK99 9ed99 3} 21}
2023/12/08 23:11:37 {{TJ5JQ a151c 3} 27}
2023/12/08 23:11:37 {{TJQAA a1cee 3} 37}
2023/12/08 23:11:37 {{T333Q a333c 3} 290}
2023/12/08 23:11:37 {{T44A4 a44e4 3} 842}
2023/12/08 23:11:37 {{T46J6 a4616 3} 504}
2023/12/08 23:11:37 {{T6866 a6866 3} 472}
2023/12/08 23:11:37 {{T8J48 a8148 3} 426}
2023/12/08 23:11:37 {{T8777 a8777 3} 601}
2023/12/08 23:11:37 {{T8QQQ a8ccc 3} 820}
2023/12/08 23:11:37 {{TT5JQ aa51c 3} 708}
2023/12/08 23:11:37 {{TT8TK aa8ad 3} 343}
2023/12/08 23:11:37 {{TTT23 aaa23 3} 783}
2023/12/08 23:11:37 {{TTT59 aaa59 3} 579}
2023/12/08 23:11:37 {{TTK2T aad2a 3} 904}
2023/12/08 23:11:37 {{TQ3TT ac3aa 3} 700}
2023/12/08 23:11:37 {{TQQ7Q acc7c 3} 302}
2023/12/08 23:11:37 {{QJ272 c1272 3} 388}
2023/12/08 23:11:37 {{QJ445 c1445 3} 588}
2023/12/08 23:11:37 {{QJ866 c1866 3} 508}
2023/12/08 23:11:37 {{Q3733 c3733 3} 900}
2023/12/08 23:11:37 {{Q4AAA c4eee 3} 87}
2023/12/08 23:11:37 {{Q54J5 c5415 3} 981}
2023/12/08 23:11:37 {{Q5552 c5552 3} 731}
2023/12/08 23:11:37 {{Q5AQQ c5ecc 3} 585}
2023/12/08 23:11:37 {{Q688J c6881 3} 118}
2023/12/08 23:11:37 {{Q7T77 c7a77 3} 78}
2023/12/08 23:11:37 {{Q8898 c8898 3} 973}
2023/12/08 23:11:37 {{QQJ87 cc187 3} 667}
2023/12/08 23:11:37 {{QQ7QK cc7cd 3} 145}
2023/12/08 23:11:37 {{QQ92Q cc92c 3} 419}
2023/12/08 23:11:37 {{QQTQ5 ccac5 3} 837}
2023/12/08 23:11:37 {{QQQ2T ccc2a 3} 498}
2023/12/08 23:11:37 {{QK2J2 cd212 3} 518}
2023/12/08 23:11:37 {{QK5KK cd5dd 3} 130}
2023/12/08 23:11:37 {{QKTTT cdaaa 3} 954}
2023/12/08 23:11:37 {{KJ9KA d19de 3} 124}
2023/12/08 23:11:37 {{K2KAK d2ded 3} 999}
2023/12/08 23:11:37 {{K52KK d52dd 3} 537}
2023/12/08 23:11:37 {{K6966 d6966 3} 736}
2023/12/08 23:11:37 {{K9K8K d9d8d 3} 969}
2023/12/08 23:11:37 {{KTK4K dad4d 3} 942}
2023/12/08 23:11:37 {{KQJ2K dc12d 3} 182}
2023/12/08 23:11:37 {{KK2J6 dd216 3} 557}
2023/12/08 23:11:37 {{KK3K2 dd3d2 3} 22}
2023/12/08 23:11:37 {{KKTK6 ddad6 3} 717}
2023/12/08 23:11:37 {{KKQK4 ddcd4 3} 8}
2023/12/08 23:11:37 {{KKK53 ddd53 3} 66}
2023/12/08 23:11:37 {{KKK65 ddd65 3} 567}
2023/12/08 23:11:37 {{KKKAQ dddec 3} 715}
2023/12/08 23:11:37 {{AJ688 e1688 3} 411}
2023/12/08 23:11:37 {{A2AA8 e2ee8 3} 374}
2023/12/08 23:11:37 {{A4944 e4944 3} 739}
2023/12/08 23:11:37 {{A525J e5251 3} 143}
2023/12/08 23:11:37 {{A7JA2 e71e2 3} 19}
2023/12/08 23:11:37 {{A85AA e85ee 3} 645}
2023/12/08 23:11:37 {{A8AQA e8ece 3} 919}
2023/12/08 23:11:37 {{AQQQ3 eccc3 3} 785}
2023/12/08 23:11:37 {{AK5KK ed5dd 3} 555}
2023/12/08 23:11:37 {{AA8AK ee8ed 3} 401}
2023/12/08 23:11:37 {{AA9A8 ee9e8 3} 788}
2023/12/08 23:11:37 {{AAKTA eedae 3} 546}
2023/12/08 23:11:37 {{AAKA7 eede7 3} 885}
2023/12/08 23:11:37 {{AAA27 eee27 3} 972}
2023/12/08 23:11:37 {{AAA65 eee65 3} 364}
2023/12/08 23:11:37 {{AAA8T eee8a 3} 616}
2023/12/08 23:11:37 {{J5454 15454 4} 35}
2023/12/08 23:11:37 {{J88AA 188ee 4} 248}
2023/12/08 23:11:37 {{JT55T 1a55a 4} 377}
2023/12/08 23:11:37 {{JK9K9 1d9d9 4} 199}
2023/12/08 23:11:37 {{JA5A5 1e5e5 4} 421}
2023/12/08 23:11:37 {{22777 22777 4} 889}
2023/12/08 23:11:37 {{22828 22828 4} 698}
2023/12/08 23:11:37 {{25525 25525 4} 933}
2023/12/08 23:11:37 {{26662 26662 4} 864}
2023/12/08 23:11:37 {{2929J 29291 4} 416}
2023/12/08 23:11:37 {{2T2T2 2a2a2 4} 998}
2023/12/08 23:11:37 {{2A2AA 2e2ee 4} 883}
2023/12/08 23:11:37 {{2AA22 2ee22 4} 387}
2023/12/08 23:11:37 {{33J55 33155 4} 446}
2023/12/08 23:11:37 {{33222 33222 4} 224}
2023/12/08 23:11:37 {{33344 33344 4} 277}
2023/12/08 23:11:37 {{3344J 33441 4} 720}
2023/12/08 23:11:37 {{33444 33444 4} 115}
2023/12/08 23:11:37 {{33553 33553 4} 181}
2023/12/08 23:11:37 {{3388J 33881 4} 407}
2023/12/08 23:11:37 {{36336 36336 4} 179}
2023/12/08 23:11:37 {{3TJ3T 3a13a 4} 719}
2023/12/08 23:11:37 {{3TT33 3aa33 4} 865}
2023/12/08 23:11:37 {{3TT3T 3aa3a 4} 771}
2023/12/08 23:11:37 {{3KK33 3dd33 4} 697}
2023/12/08 23:11:37 {{42224 42224 4} 823}
2023/12/08 23:11:37 {{424J2 42412 4} 656}
2023/12/08 23:11:37 {{44545 44545 4} 40}
2023/12/08 23:11:37 {{44TTJ 44aa1 4} 90}
2023/12/08 23:11:37 {{46646 46646 4} 679}
2023/12/08 23:11:37 {{47774 47774 4} 953}
2023/12/08 23:11:37 {{4T4T4 4a4a4 4} 390}
2023/12/08 23:11:37 {{4K44K 4d44d 4} 229}
2023/12/08 23:11:37 {{4AA44 4ee44 4} 339}
2023/12/08 23:11:37 {{52522 52522 4} 462}
2023/12/08 23:11:37 {{53553 53553 4} 402}
2023/12/08 23:11:37 {{55544 55544 4} 794}
2023/12/08 23:11:37 {{5566J 55661 4} 496}
2023/12/08 23:11:37 {{55666 55666 4} 988}
2023/12/08 23:11:37 {{55AA5 55ee5 4} 58}
2023/12/08 23:11:37 {{57557 57557 4} 6}
2023/12/08 23:11:37 {{58885 58885 4} 952}
2023/12/08 23:11:37 {{5Q5JQ 5c51c 4} 285}
2023/12/08 23:11:37 {{6J363 61363 4} 781}
2023/12/08 23:11:37 {{62226 62226 4} 120}
2023/12/08 23:11:37 {{63636 63636 4} 176}
2023/12/08 23:11:37 {{66555 66555 4} 397}
2023/12/08 23:11:37 {{66699 66699 4} 106}
2023/12/08 23:11:37 {{66777 66777 4} 610}
2023/12/08 23:11:37 {{66AA6 66ee6 4} 403}
2023/12/08 23:11:37 {{688J6 68816 4} 300}
2023/12/08 23:11:37 {{68866 68866 4} 152}
2023/12/08 23:11:37 {{72272 72272 4} 957}
2023/12/08 23:11:37 {{7667J 76671 4} 687}
2023/12/08 23:11:37 {{77755 77755 4} 270}
2023/12/08 23:11:37 {{77999 77999 4} 510}
2023/12/08 23:11:37 {{77KKK 77ddd 4} 51}
2023/12/08 23:11:37 {{78J78 78178 4} 710}
2023/12/08 23:11:37 {{78787 78787 4} 286}
2023/12/08 23:11:37 {{79J97 79197 4} 336}
2023/12/08 23:11:37 {{79977 79977 4} 770}
2023/12/08 23:11:37 {{7QQ77 7cc77 4} 551}
2023/12/08 23:11:37 {{7AAA7 7eee7 4} 91}
2023/12/08 23:11:37 {{82828 82828 4} 560}
2023/12/08 23:11:37 {{83383 83383 4} 235}
2023/12/08 23:11:37 {{8558J 85581 4} 986}
2023/12/08 23:11:37 {{88555 88555 4} 155}
2023/12/08 23:11:37 {{88668 88668 4} 240}
2023/12/08 23:11:37 {{88989 88989 4} 4}
2023/12/08 23:11:37 {{88AAA 88eee 4} 607}
2023/12/08 23:11:37 {{9J933 91933 4} 5}
2023/12/08 23:11:37 {{92292 92292 4} 912}
2023/12/08 23:11:37 {{92992 92992 4} 659}
2023/12/08 23:11:37 {{93339 93339 4} 17}
2023/12/08 23:11:37 {{949J4 94914 4} 971}
2023/12/08 23:11:37 {{95559 95559 4} 156}
2023/12/08 23:11:37 {{969J6 96916 4} 624}
2023/12/08 23:11:37 {{96969 96969 4} 378}
2023/12/08 23:11:37 {{99898 99898 4} 128}
2023/12/08 23:11:37 {{99A9A 99e9e 4} 699}
2023/12/08 23:11:37 {{9Q99Q 9c99c 4} 974}
2023/12/08 23:11:37 {{9KK99 9dd99 4} 28}
2023/12/08 23:11:37 {{TJQQT a1cca 4} 892}
2023/12/08 23:11:37 {{T22TJ a22a1 4} 279}
2023/12/08 23:11:37 {{T2T2T a2a2a 4} 768}
2023/12/08 23:11:37 {{T4T4T a4a4a 4} 280}
2023/12/08 23:11:37 {{T777T a777a 4} 813}
2023/12/08 23:11:37 {{TTJ99 aa199 4} 921}
2023/12/08 23:11:37 {{TT6J6 aa616 4} 825}
2023/12/08 23:11:37 {{TT6T6 aa6a6 4} 631}
2023/12/08 23:11:37 {{TTT99 aaa99 4} 519}
2023/12/08 23:11:37 {{TTQQT aacca 4} 74}
2023/12/08 23:11:37 {{TKTKT adada 4} 911}
2023/12/08 23:11:37 {{TKKKT addda 4} 786}
2023/12/08 23:11:37 {{QJ9Q9 c19c9 4} 147}
2023/12/08 23:11:37 {{Q22Q2 c22c2 4} 893}
2023/12/08 23:11:37 {{Q33Q3 c33c3 4} 613}
2023/12/08 23:11:37 {{Q33QQ c33cc 4} 383}
2023/12/08 23:11:37 {{Q44QJ c44c1 4} 48}
2023/12/08 23:11:37 {{Q88Q8 c88c8 4} 304}
2023/12/08 23:11:37 {{QQ3J3 cc313 4} 220}
2023/12/08 23:11:37 {{QQ444 cc444 4} 951}
2023/12/08 23:11:37 {{QQ4Q4 cc4c4 4} 497}
2023/12/08 23:11:37 {{QQ555 cc555 4} 733}
2023/12/08 23:11:37 {{QQ77Q cc77c 4} 764}
2023/12/08 23:11:37 {{QQTTQ ccaac 4} 227}
2023/12/08 23:11:37 {{K2K22 d2d22 4} 590}
2023/12/08 23:11:37 {{K44KK d44dd 4} 776}
2023/12/08 23:11:37 {{K6K66 d6d66 4} 603}
2023/12/08 23:11:37 {{K77K7 d77d7 4} 281}
2023/12/08 23:11:37 {{K99KK d99dd 4} 222}
2023/12/08 23:11:37 {{KK555 dd555 4} 712}
2023/12/08 23:11:37 {{KK888 dd888 4} 826}
2023/12/08 23:11:37 {{KKK55 ddd55 4} 744}
2023/12/08 23:11:37 {{KKKQQ dddcc 4} 888}
2023/12/08 23:11:37 {{KAJAK de1ed 4} 476}
2023/12/08 23:11:37 {{A333A e333e 4} 177}
2023/12/08 23:11:37 {{A3AJ3 e3e13 4} 850}
2023/12/08 23:11:37 {{A6A6J e6e61 4} 527}
2023/12/08 23:11:37 {{A99AA e99ee 4} 536}
2023/12/08 23:11:37 {{ATATT eaeaa 4} 109}
2023/12/08 23:11:37 {{ATATA eaeae 4} 41}
2023/12/08 23:11:37 {{AKAAK edeed 4} 389}
2023/12/08 23:11:37 {{AA4A4 ee4e4 4} 808}
2023/12/08 23:11:37 {{AA55A ee55e 4} 552}
2023/12/08 23:11:37 {{AA888 ee888 4} 828}
2023/12/08 23:11:37 {{AA99J ee991 4} 56}
2023/12/08 23:11:37 {{AAQQQ eeccc 4} 925}
2023/12/08 23:11:37 {{AAQQA eecce 4} 812}
2023/12/08 23:11:37 {{JJ335 11335 5} 644}
2023/12/08 23:11:37 {{JJKAA 11dee 5} 138}
2023/12/08 23:11:37 {{J2224 12224 5} 98}
2023/12/08 23:11:37 {{J3334 13334 5} 886}
2023/12/08 23:11:37 {{J3393 13393 5} 716}
2023/12/08 23:11:37 {{J4443 14443 5} 622}
2023/12/08 23:11:37 {{J6466 16466 5} 310}
2023/12/08 23:11:37 {{J66T6 166a6 5} 223}
2023/12/08 23:11:37 {{J7JKJ 171d1 5} 767}
2023/12/08 23:11:37 {{J7773 17773 5} 665}
2023/12/08 23:11:37 {{J7776 17776 5} 135}
2023/12/08 23:11:37 {{J8KKK 18ddd 5} 166}
2023/12/08 23:11:37 {{J94J4 19414 5} 331}
2023/12/08 23:11:37 {{J9Q99 19c99 5} 355}
2023/12/08 23:11:37 {{JTT2T 1aa2a 5} 251}
2023/12/08 23:11:37 {{JTT7J 1aa71 5} 116}
2023/12/08 23:11:37 {{JTKTT 1adaa 5} 150}
2023/12/08 23:11:37 {{JQJQA 1c1ce 5} 563}
2023/12/08 23:11:37 {{JK6KK 1d6dd 5} 149}
2023/12/08 23:11:37 {{2J322 21322 5} 891}
2023/12/08 23:11:37 {{22J52 22152 5} 619}
2023/12/08 23:11:37 {{22232 22232 5} 455}
2023/12/08 23:11:37 {{222T2 222a2 5} 977}
2023/12/08 23:11:37 {{222Q2 222c2 5} 315}
2023/12/08 23:11:37 {{22722 22722 5} 371}
2023/12/08 23:11:37 {{22922 22922 5} 902}
2023/12/08 23:11:37 {{27JJ7 27117 5} 13}
2023/12/08 23:11:37 {{28222 28222 5} 468}
2023/12/08 23:11:37 {{2TTTT 2aaaa 5} 643}
2023/12/08 23:11:37 {{3J38J 31381 5} 562}
2023/12/08 23:11:37 {{3JQ33 31c33 5} 480}
2023/12/08 23:11:37 {{3JKJJ 31d11 5} 936}
2023/12/08 23:11:37 {{33335 33335 5} 777}
2023/12/08 23:11:37 {{3333T 3333a 5} 153}
2023/12/08 23:11:37 {{3335J 33351 5} 705}
2023/12/08 23:11:37 {{33363 33363 5} 531}
2023/12/08 23:11:37 {{33373 33373 5} 276}
2023/12/08 23:11:37 {{3383J 33831 5} 927}
2023/12/08 23:11:37 {{36666 36666 5} 71}
2023/12/08 23:11:37 {{37777 37777 5} 646}
2023/12/08 23:11:37 {{39333 39333 5} 862}
2023/12/08 23:11:37 {{3K333 3d333 5} 754}
2023/12/08 23:11:37 {{3KKKK 3dddd 5} 253}
2023/12/08 23:11:37 {{3AAAA 3eeee 5} 855}
2023/12/08 23:11:37 {{4J844 41844 5} 670}
2023/12/08 23:11:37 {{42444 42444 5} 757}
2023/12/08 23:11:37 {{44434 44434 5} 996}
2023/12/08 23:11:37 {{4444T 4444a 5} 666}
2023/12/08 23:11:37 {{455J5 45515 5} 15}
2023/12/08 23:11:37 {{45555 45555 5} 642}
2023/12/08 23:11:37 {{47777 47777 5} 916}
2023/12/08 23:11:37 {{484JJ 48411 5} 209}
2023/12/08 23:11:37 {{4AJ44 4e144 5} 965}
2023/12/08 23:11:37 {{4AAAA 4eeee 5} 872}
2023/12/08 23:11:37 {{5J535 51535 5} 308}
2023/12/08 23:11:37 {{52555 52555 5} 596}
2023/12/08 23:11:37 {{5525J 55251 5} 787}
2023/12/08 23:11:37 {{555JT 5551a 5} 478}
2023/12/08 23:11:37 {{55558 55558 5} 258}
2023/12/08 23:11:37 {{5555Q 5555c 5} 734}
2023/12/08 23:11:37 {{55565 55565 5} 821}
2023/12/08 23:11:37 {{559J5 55915 5} 647}
2023/12/08 23:11:37 {{55955 55955 5} 978}
2023/12/08 23:11:37 {{55K5J 55d51 5} 299}
2023/12/08 23:11:37 {{55A55 55e55 5} 520}
2023/12/08 23:11:37 {{5855J 58551 5} 133}
2023/12/08 23:11:37 {{5K555 5d555 5} 730}
2023/12/08 23:11:37 {{6JJ46 61146 5} 131}
2023/12/08 23:11:37 {{6J222 61222 5} 843}
2023/12/08 23:11:37 {{6J6K6 616d6 5} 985}
2023/12/08 23:11:37 {{6J9JJ 61911 5} 966}
2023/12/08 23:11:37 {{65J55 65155 5} 312}
2023/12/08 23:11:37 {{666J8 66618 5} 84}
2023/12/08 23:11:37 {{66662 66662 5} 914}
2023/12/08 23:11:37 {{6666Q 6666c 5} 913}
2023/12/08 23:11:37 {{66A66 66e66 5} 269}
2023/12/08 23:11:37 {{6766J 67661 5} 980}
2023/12/08 23:11:37 {{69666 69666 5} 309}
2023/12/08 23:11:37 {{6TJTT 6a1aa 5} 358}
2023/12/08 23:11:37 {{6QQQJ 6ccc1 5} 882}
2023/12/08 23:11:37 {{6K666 6d666 5} 859}
2023/12/08 23:11:37 {{7JJJ2 71112 5} 117}
2023/12/08 23:11:37 {{7333J 73331 5} 502}
2023/12/08 23:11:37 {{77577 77577 5} 443}
2023/12/08 23:11:37 {{77677 77677 5} 704}
2023/12/08 23:11:37 {{77772 77772 5} 409}
2023/12/08 23:11:37 {{777K7 777d7 5} 711}
2023/12/08 23:11:37 {{78888 78888 5} 747}
2023/12/08 23:11:37 {{8J883 81883 5} 660}
2023/12/08 23:11:37 {{8JTJT 81a1a 5} 762}
2023/12/08 23:11:37 {{8222J 82221 5} 127}
2023/12/08 23:11:37 {{83333 83333 5} 333}
2023/12/08 23:11:37 {{84444 84444 5} 356}
2023/12/08 23:11:37 {{86666 86666 5} 317}
2023/12/08 23:11:37 {{88JJ4 88114 5} 982}
2023/12/08 23:11:37 {{88J8K 8818d 5} 606}
2023/12/08 23:11:37 {{88388 88388 5} 906}
2023/12/08 23:11:37 {{88488 88488 5} 915}
2023/12/08 23:11:37 {{88688 88688 5} 268}
2023/12/08 23:11:37 {{88885 88885 5} 529}
2023/12/08 23:11:37 {{888Q8 888c8 5} 458}
2023/12/08 23:11:37 {{888K8 888d8 5} 454}
2023/12/08 23:11:37 {{88988 88988 5} 188}
2023/12/08 23:11:37 {{8QQQJ 8ccc1 5} 469}
2023/12/08 23:11:37 {{8QQQQ 8cccc 5} 623}
2023/12/08 23:11:37 {{9J799 91799 5} 327}
2023/12/08 23:11:37 {{99599 99599 5} 318}
2023/12/08 23:11:37 {{99969 99969 5} 323}
2023/12/08 23:11:37 {{99993 99993 5} 761}
2023/12/08 23:11:37 {{9TTTT 9aaaa 5} 901}
2023/12/08 23:11:37 {{9K9J9 9d919 5} 261}
2023/12/08 23:11:37 {{9K999 9d999 5} 685}
2023/12/08 23:11:37 {{T2J22 a2122 5} 271}
2023/12/08 23:11:37 {{T4TTT a4aaa 5} 742}
2023/12/08 23:11:37 {{T5555 a5555 5} 722}
2023/12/08 23:11:37 {{T5TTT a5aaa 5} 39}
2023/12/08 23:11:37 {{T6TTT a6aaa 5} 501}
2023/12/08 23:11:37 {{T888J a8881 5} 195}
2023/12/08 23:11:37 {{T8TTT a8aaa 5} 372}
2023/12/08 23:11:37 {{TTT9J aaa91 5} 703}
2023/12/08 23:11:37 {{TTTT7 aaaa7 5} 382}
2023/12/08 23:11:37 {{TTKTT aadaa 5} 100}
2023/12/08 23:11:37 {{TTATT aaeaa 5} 141}
2023/12/08 23:11:37 {{QJQQT c1cca 5} 975}
2023/12/08 23:11:37 {{Q222J c2221 5} 354}
2023/12/08 23:11:37 {{Q3JQQ c31cc 5} 61}
2023/12/08 23:11:37 {{Q4444 c4444 5} 362}
2023/12/08 23:11:37 {{Q7QQQ c7ccc 5} 417}
2023/12/08 23:11:37 {{QQ3QQ cc3cc 5} 840}
2023/12/08 23:11:37 {{QQ8JJ cc811 5} 542}
2023/12/08 23:11:37 {{QQQQ2 cccc2 5} 879}
2023/12/08 23:11:37 {{QQQQ4 cccc4 5} 827}
2023/12/08 23:11:37 {{QQQQ6 cccc6 5} 992}
2023/12/08 23:11:37 {{QQQQ9 cccc9 5} 884}
2023/12/08 23:11:37 {{QKKKK cdddd 5} 215}
2023/12/08 23:11:37 {{K2KJK d2d1d 5} 320}
2023/12/08 23:11:37 {{KKJ5K dd15d 5} 102}
2023/12/08 23:11:37 {{KKQKJ ddcd1 5} 568}
2023/12/08 23:11:37 {{KKK2K ddd2d 5} 424}
2023/12/08 23:11:37 {{KKK3J ddd31 5} 763}
2023/12/08 23:11:37 {{KKK7K ddd7d 5} 144}
2023/12/08 23:11:37 {{KKK8K ddd8d 5} 335}
2023/12/08 23:11:37 {{KKKK6 dddd6 5} 937}
2023/12/08 23:11:37 {{KKKK9 dddd9 5} 930}
2023/12/08 23:11:37 {{AJA9A e1e9e 5} 620}
2023/12/08 23:11:37 {{AJAA8 e1ee8 5} 860}
2023/12/08 23:11:37 {{A2JAA e21ee 5} 923}
2023/12/08 23:11:37 {{A4JAA e41ee 5} 303}
2023/12/08 23:11:37 {{A6AAA e6eee 5} 561}
2023/12/08 23:11:37 {{A7777 e7777 5} 123}
2023/12/08 23:11:37 {{A8888 e8888 5} 608}
2023/12/08 23:11:37 {{A8AAA e8eee 5} 338}
2023/12/08 23:11:37 {{AQAAA eceee 5} 214}
2023/12/08 23:11:37 {{AAJJ3 ee113 5} 509}
2023/12/08 23:11:37 {{AAJA6 ee1e6 5} 467}
2023/12/08 23:11:37 {{AA7AA ee7ee 5} 44}
2023/12/08 23:11:37 {{AATAJ eeae1 5} 490}
2023/12/08 23:11:37 {{AATAA eeaee 5} 564}
2023/12/08 23:11:37 {{AAKAJ eede1 5} 970}
2023/12/08 23:11:37 {{AAKAA eedee 5} 861}
2023/12/08 23:11:37 {{AAAA2 eeee2 5} 193}
2023/12/08 23:11:37 {{AAAA5 eeee5 5} 753}
2023/12/08 23:11:37 {{JJJJJ 11111 6} 938}
2023/12/08 23:11:37 {{JJJ8J 11181 6} 329}
2023/12/08 23:11:37 {{JJ2J2 11212 6} 459}
2023/12/08 23:11:37 {{JJ222 11222 6} 663}
2023/12/08 23:11:37 {{JJ444 11444 6} 184}
2023/12/08 23:11:37 {{JJ555 11555 6} 255}
2023/12/08 23:11:37 {{JJTJT 11a1a 6} 453}
2023/12/08 23:11:37 {{J3J33 13133 6} 732}
2023/12/08 23:11:37 {{J5555 15555 6} 247}
2023/12/08 23:11:37 {{J6666 16666 6} 926}
2023/12/08 23:11:37 {{J88J8 18818 6} 88}
2023/12/08 23:11:37 {{J9999 19999 6} 325}
2023/12/08 23:11:37 {{JQJQQ 1c1cc 6} 983}
2023/12/08 23:11:37 {{JKKJJ 1dd11 6} 678}
2023/12/08 23:11:37 {{JKKJK 1dd1d 6} 755}
2023/12/08 23:11:37 {{JAAAA 1eeee 6} 806}
2023/12/08 23:11:37 {{2222J 22221 6} 180}
2023/12/08 23:11:37 {{3333J 33331 6} 597}
2023/12/08 23:11:37 {{4444J 44441 6} 668}
2023/12/08 23:11:37 {{6JJ66 61166 6} 602}
2023/12/08 23:11:37 {{7JJ77 71177 6} 810}
2023/12/08 23:11:37 {{7J777 71777 6} 760}
2023/12/08 23:11:37 {{8J888 81888 6} 45}
2023/12/08 23:11:37 {{9J99J 91991 6} 779}
2023/12/08 23:11:37 {{TTTJJ aaa11 6} 464}
2023/12/08 23:11:37 {{TTTJT aaa1a 6} 939}
2023/12/08 23:11:37 {{QQJQQ cc1cc 6} 169}
2023/12/08 23:11:37 {{KKKJK ddd1d 6} 345}
2023/12/08 23:11:37 {{AAAJJ eee11 6} 226}
